<?xml version="1.0" encoding="UTF-8" ?>
<testsuite tests="8" failures="0" name="br.com.alura.tests.PhoneNumberFormattedTest" time="0.11" errors="0" skipped="0">
  <properties>
[...]
</properties>
  <testcase classname="br.com.alura.tests.PhoneNumberFormattedTest" name="deveRejeitarNumerosFormatadosComEspacoEmBranco" time="0.026"/>
  <testcase classname="br.com.alura.tests.PhoneNumberFormattedTest" name="deveRejeitarCaracteresInvalidos" time="0"/>
  <testcase classname="br.com.alura.tests.PhoneNumberFormattedTest" name="deveRejeitarNumerosFormatadosMenoresDeNove" time="0"/>
  <testcase classname="br.com.alura.tests.PhoneNumberFormattedTest" name="deveRejeitarNumerosFormatadosMaioresQueDez" time="0"/>
  <testcase classname="br.com.alura.tests.PhoneNumberFormattedTest" name="deveAceitarNumerosFormatadosContendoAteDezDigitos" time="0.083"/>
  <testcase classname="br.com.alura.tests.PhoneNumberFormattedTest" name="deveRejeitarNumerosNulos" time="0"/>
  <testcase classname="br.com.alura.tests.PhoneNumberFormattedTest" name="deveRejeitarNumerosComFormatoInvalido" time="0.001"/>
  <testcase classname="br.com.alura.tests.PhoneNumberFormattedTest" name="deveAceitarNumerosFormatadosContendoNoMinimoNoveDigitos" time="0"/>
</testsuite>